<?xml version="1.0" encoding="UTF-8"?>
<!-- Generated by org.testng.reporters.JUnitXMLReporter -->
<testsuite hostname="Win" name="Test" tests="4" failures="0" timestamp="8 Jan 2017 19:08:38 GMT" time="1105.992" errors="0">
  <testcase name="peformSocialMediaClicks" time="5.428" classname="com.trytech.tasks.automation.tests.Runner"/>
  <testcase name="peformYoutubeLinksClick" time="5.328" classname="com.trytech.tasks.automation.tests.Runner"/>
  <testcase name="peformBlogLinksClick" time="193.25" classname="com.trytech.tasks.automation.tests.Runner"/>
  <testcase name="peformWebLinksClick" time="901.975" classname="com.trytech.tasks.automation.tests.Runner"/>
</testsuite> <!-- Test -->
