<?xml version="1.0" encoding="UTF-8"?>
<!-- Generated by org.testng.reporters.JUnitXMLReporter -->
<testsuite hostname="Win" ignored="2" name="Test" tests="4" failures="0" timestamp="07 Jan 2017 16:24:34 GMT" time="25.003" errors="0">
  <testcase name="peformSocialMediaClicks" time="5.827" classname="com.trytech.tasks.automation.tests.Runner"/>
  <testcase name="peformYoutubeLinksClick" time="5.391" classname="com.trytech.tasks.automation.tests.Runner"/>
  <testcase name="peformBlogLinksClick" time="8.322" classname="com.trytech.tasks.automation.tests.Runner"/>
  <testcase name="peformWebLinksClick" time="5.38" classname="com.trytech.tasks.automation.tests.Runner"/>
  <testcase name="peformSmsLinksClick" time="0.0" classname="com.trytech.tasks.automation.tests.Runner">
    <ignored/>
  </testcase> <!-- peformSmsLinksClick -->
  <testcase name="peformSendMailClicks" time="0.0" classname="com.trytech.tasks.automation.tests.Runner">
    <ignored/>
  </testcase> <!-- peformSendMailClicks -->
</testsuite> <!-- Test -->
