<?xml version="1.0" encoding="UTF-8"?>
<testng-results skipped="0" failed="0" total="4" passed="4">
  <reporter-output>
  </reporter-output>
  <suite name="Suite" duration-ms="27715" started-at="2017-01-07T18:43:58Z" finished-at="2017-01-07T18:44:26Z">
    <groups>
    </groups>
    <test name="Test" duration-ms="27715" started-at="2017-01-07T18:43:58Z" finished-at="2017-01-07T18:44:26Z">
      <class name="com.trytech.tasks.automation.tests.Runner">
        <test-method status="PASS" signature="setup()[pri:0, instance:com.trytech.tasks.automation.tests.Runner@282ba1e]" name="setup" is-config="true" duration-ms="86621" started-at="2017-01-07T18:42:32Z" finished-at="2017-01-07T18:43:58Z">
          <reporter-output>
          </reporter-output>
        </test-method> <!-- setup -->
        <test-method status="PASS" signature="peformSocialMediaClicks()[pri:0, instance:com.trytech.tasks.automation.tests.Runner@282ba1e]" name="peformSocialMediaClicks" duration-ms="7227" started-at="2017-01-07T18:43:58Z" finished-at="2017-01-07T18:44:06Z">
          <reporter-output>
          </reporter-output>
        </test-method> <!-- peformSocialMediaClicks -->
        <test-method status="PASS" signature="peformYoutubeLinksClick()[pri:0, instance:com.trytech.tasks.automation.tests.Runner@282ba1e]" name="peformYoutubeLinksClick" duration-ms="7132" started-at="2017-01-07T18:44:06Z" finished-at="2017-01-07T18:44:13Z">
          <reporter-output>
          </reporter-output>
        </test-method> <!-- peformYoutubeLinksClick -->
        <test-method status="PASS" signature="peformBlogLinksClick()[pri:0, instance:com.trytech.tasks.automation.tests.Runner@282ba1e]" name="peformBlogLinksClick" duration-ms="6543" started-at="2017-01-07T18:44:13Z" finished-at="2017-01-07T18:44:19Z">
          <reporter-output>
          </reporter-output>
        </test-method> <!-- peformBlogLinksClick -->
        <test-method status="PASS" signature="peformWebLinksClick()[pri:0, instance:com.trytech.tasks.automation.tests.Runner@282ba1e]" name="peformWebLinksClick" duration-ms="6802" started-at="2017-01-07T18:44:19Z" finished-at="2017-01-07T18:44:26Z">
          <reporter-output>
          </reporter-output>
        </test-method> <!-- peformWebLinksClick -->
        <test-method status="PASS" signature="teardown()[pri:0, instance:com.trytech.tasks.automation.tests.Runner@282ba1e]" name="teardown" is-config="true" duration-ms="11089" started-at="2017-01-07T18:44:26Z" finished-at="2017-01-07T18:44:37Z">
          <reporter-output>
          </reporter-output>
        </test-method> <!-- teardown -->
      </class> <!-- com.trytech.tasks.automation.tests.Runner -->
    </test> <!-- Test -->
  </suite> <!-- Suite -->
</testng-results>
